<?xml version="1.0" encoding="UTF-8"?>
<coverage generated="1498441561938" clover="3.2.0">
  <project timestamp="1498441561946" name="All files">
    <metrics statements="22" coveredstatements="21" conditionals="4" coveredconditionals="2" methods="14" coveredmethods="13" elements="40" coveredelements="36" complexity="0" loc="22" ncloc="22" packages="2" files="4" classes="4">
      <package name="components">
        <metrics statements="16" coveredstatements="15" conditionals="4" coveredconditionals="2" methods="9" coveredmethods="8"/>
        <file name="CheckboxWithLabel.js" path="/home/nick/Documents/react_practice_app_restaurant/rest_FRONTEND/src/components/CheckboxWithLabel.js">
          <metrics statements="6" coveredstatements="5" conditionals="2" coveredconditionals="1" methods="4" coveredmethods="3"/>
          <line num="8" count="2" type="stmt"/>
          <line num="9" count="2" type="stmt"/>
          <line num="13" count="2" type="stmt"/>
          <line num="17" count="0" type="stmt"/>
          <line num="21" count="1" type="stmt"/>
          <line num="25" count="2" type="stmt"/>
        </file>
        <file name="Link.react.js" path="/home/nick/Documents/react_practice_app_restaurant/rest_FRONTEND/src/components/Link.react.js">
          <metrics statements="8" coveredstatements="8" conditionals="2" coveredconditionals="1" methods="4" coveredmethods="4"/>
          <line num="3" count="1" type="stmt"/>
          <line num="10" count="1" type="stmt"/>
          <line num="12" count="1" type="stmt"/>
          <line num="13" count="1" type="stmt"/>
          <line num="15" count="1" type="stmt"/>
          <line num="21" count="1" type="stmt"/>
          <line num="25" count="1" type="stmt"/>
          <line num="29" count="3" type="stmt"/>
        </file>
        <file name="sum.js" path="/home/nick/Documents/react_practice_app_restaurant/rest_FRONTEND/src/components/sum.js">
          <metrics statements="2" coveredstatements="2" conditionals="0" coveredconditionals="0" methods="1" coveredmethods="1"/>
          <line num="2" count="2" type="stmt"/>
          <line num="4" count="1" type="stmt"/>
        </file>
      </package>
      <package name="routes">
        <metrics statements="6" coveredstatements="6" conditionals="0" coveredconditionals="0" methods="5" coveredmethods="5"/>
        <file name="PositiveCounter.js" path="/home/nick/Documents/react_practice_app_restaurant/rest_FRONTEND/src/routes/PositiveCounter.js">
          <metrics statements="6" coveredstatements="6" conditionals="0" coveredconditionals="0" methods="5" coveredmethods="5"/>
          <line num="5" count="4" type="stmt"/>
          <line num="6" count="4" type="stmt"/>
          <line num="12" count="5" type="stmt"/>
          <line num="18" count="1" type="stmt"/>
          <line num="24" count="2" type="stmt"/>
          <line num="30" count="12" type="stmt"/>
        </file>
      </package>
    </metrics>
  </project>
</coverage>
