{"/home/nick/Documents/react_practice_app_restaurant/rest_FRONTEND/src/components/CheckboxWithLabel.js": {"path":"/home/nick/Documents/react_practice_app_restaurant/rest_FRONTEND/src/components/CheckboxWithLabel.js","statementMap":{"0":{"start":{"line":8,"column":4},"end":{"line":8,"column":17}},"1":{"start":{"line":9,"column":4},"end":{"line":9,"column":36}},"2":{"start":{"line":13,"column":4},"end":{"line":13,"column":45}},"3":{"start":{"line":17,"column":4},"end":{"line":17,"column":54}},"4":{"start":{"line":21,"column":4},"end":{"line":21,"column":28}},"5":{"start":{"line":25,"column":4},"end":{"line":42,"column":6}}},"fnMap":{"0":{"name":"(anonymous_0)","decl":{"start":{"line":7,"column":2},"end":{"line":7,"column":3}},"loc":{"start":{"line":7,"column":21},"end":{"line":14,"column":3}},"line":7},"1":{"name":"(anonymous_1)","decl":{"start":{"line":16,"column":2},"end":{"line":16,"column":3}},"loc":{"start":{"line":16,"column":13},"end":{"line":18,"column":3}},"line":16},"2":{"name":"(anonymous_2)","decl":{"start":{"line":20,"column":2},"end":{"line":20,"column":3}},"loc":{"start":{"line":20,"column":12},"end":{"line":22,"column":3}},"line":20},"3":{"name":"(anonymous_3)","decl":{"start":{"line":24,"column":2},"end":{"line":24,"column":3}},"loc":{"start":{"line":24,"column":11},"end":{"line":43,"column":3}},"line":24}},"branchMap":{"0":{"loc":{"start":{"line":33,"column":11},"end":{"line":33,"column":74}},"type":"cond-expr","locations":[{"start":{"line":33,"column":34},"end":{"line":33,"column":52}},{"start":{"line":33,"column":55},"end":{"line":33,"column":74}}],"line":33}},"s":{"0":2,"1":2,"2":2,"3":0,"4":1,"5":2},"f":{"0":2,"1":0,"2":1,"3":2},"b":{"0":[0,2]},"_coverageSchema":"332fd63041d2c1bcb487cc26dd0d5f7d97098a6c","hash":"d9319ab1d9da19fcb5b07bb8f38d06191b775322"}
,"/home/nick/Documents/react_practice_app_restaurant/rest_FRONTEND/src/components/Link.react.js": {"path":"/home/nick/Documents/react_practice_app_restaurant/rest_FRONTEND/src/components/Link.react.js","statementMap":{"0":{"start":{"line":3,"column":15},"end":{"line":6,"column":1}},"1":{"start":{"line":10,"column":4},"end":{"line":10,"column":12}},"2":{"start":{"line":12,"column":4},"end":{"line":12,"column":55}},"3":{"start":{"line":13,"column":4},"end":{"line":13,"column":55}},"4":{"start":{"line":15,"column":4},"end":{"line":17,"column":6}},"5":{"start":{"line":21,"column":4},"end":{"line":21,"column":43}},"6":{"start":{"line":25,"column":4},"end":{"line":25,"column":42}},"7":{"start":{"line":29,"column":4},"end":{"line":38,"column":6}}},"fnMap":{"0":{"name":"(anonymous_0)","decl":{"start":{"line":9,"column":2},"end":{"line":9,"column":3}},"loc":{"start":{"line":9,"column":16},"end":{"line":18,"column":3}},"line":9},"1":{"name":"(anonymous_1)","decl":{"start":{"line":20,"column":2},"end":{"line":20,"column":3}},"loc":{"start":{"line":20,"column":18},"end":{"line":22,"column":3}},"line":20},"2":{"name":"(anonymous_2)","decl":{"start":{"line":24,"column":2},"end":{"line":24,"column":3}},"loc":{"start":{"line":24,"column":18},"end":{"line":26,"column":3}},"line":24},"3":{"name":"(anonymous_3)","decl":{"start":{"line":28,"column":2},"end":{"line":28,"column":3}},"loc":{"start":{"line":28,"column":11},"end":{"line":39,"column":3}},"line":28}},"branchMap":{"0":{"loc":{"start":{"line":32,"column":14},"end":{"line":32,"column":36}},"type":"binary-expr","locations":[{"start":{"line":32,"column":14},"end":{"line":32,"column":29}},{"start":{"line":32,"column":33},"end":{"line":32,"column":36}}],"line":32}},"s":{"0":1,"1":1,"2":1,"3":1,"4":1,"5":1,"6":1,"7":3},"f":{"0":1,"1":1,"2":1,"3":3},"b":{"0":[3,0]},"_coverageSchema":"332fd63041d2c1bcb487cc26dd0d5f7d97098a6c","hash":"43f6d2f4e65b09ec8c32f6064a2c12f4a538c265"}
,"/home/nick/Documents/react_practice_app_restaurant/rest_FRONTEND/src/components/sum.js": {"path":"/home/nick/Documents/react_practice_app_restaurant/rest_FRONTEND/src/components/sum.js","statementMap":{"0":{"start":{"line":2,"column":2},"end":{"line":2,"column":15}},"1":{"start":{"line":4,"column":0},"end":{"line":4,"column":21}}},"fnMap":{"0":{"name":"sum","decl":{"start":{"line":1,"column":9},"end":{"line":1,"column":12}},"loc":{"start":{"line":1,"column":19},"end":{"line":3,"column":1}},"line":1}},"branchMap":{},"s":{"0":2,"1":1},"f":{"0":2},"b":{},"_coverageSchema":"332fd63041d2c1bcb487cc26dd0d5f7d97098a6c","hash":"b9b9437c4aacd9bd8a264f0ab0aeb13bcbbb2876"}
,"/home/nick/Documents/react_practice_app_restaurant/rest_FRONTEND/src/routes/PositiveCounter.js": {"path":"/home/nick/Documents/react_practice_app_restaurant/rest_FRONTEND/src/routes/PositiveCounter.js","statementMap":{"0":{"start":{"line":5,"column":4},"end":{"line":5,"column":17}},"1":{"start":{"line":6,"column":4},"end":{"line":8,"column":6}},"2":{"start":{"line":12,"column":4},"end":{"line":14,"column":7}},"3":{"start":{"line":18,"column":4},"end":{"line":20,"column":7}},"4":{"start":{"line":24,"column":4},"end":{"line":26,"column":7}},"5":{"start":{"line":30,"column":4},"end":{"line":37,"column":6}}},"fnMap":{"0":{"name":"(anonymous_0)","decl":{"start":{"line":4,"column":2},"end":{"line":4,"column":3}},"loc":{"start":{"line":4,"column":21},"end":{"line":9,"column":3}},"line":4},"1":{"name":"(anonymous_1)","decl":{"start":{"line":11,"column":2},"end":{"line":11,"column":3}},"loc":{"start":{"line":11,"column":15},"end":{"line":15,"column":3}},"line":11},"2":{"name":"(anonymous_2)","decl":{"start":{"line":17,"column":2},"end":{"line":17,"column":3}},"loc":{"start":{"line":17,"column":13},"end":{"line":21,"column":3}},"line":17},"3":{"name":"(anonymous_3)","decl":{"start":{"line":23,"column":2},"end":{"line":23,"column":3}},"loc":{"start":{"line":23,"column":15},"end":{"line":27,"column":3}},"line":23},"4":{"name":"(anonymous_4)","decl":{"start":{"line":29,"column":2},"end":{"line":29,"column":3}},"loc":{"start":{"line":29,"column":11},"end":{"line":38,"column":3}},"line":29}},"branchMap":{},"s":{"0":4,"1":4,"2":5,"3":1,"4":2,"5":12},"f":{"0":4,"1":5,"2":1,"3":2,"4":12},"b":{},"_coverageSchema":"332fd63041d2c1bcb487cc26dd0d5f7d97098a6c","hash":"233a968f5002f725cbf073d09489557b1b710a1a"}
}
