TN:
SF:/home/nick/Documents/react_practice_app_restaurant/rest_FRONTEND/src/components/CheckboxWithLabel.js
FN:7,(anonymous_0)
FN:16,(anonymous_1)
FN:20,(anonymous_2)
FN:24,(anonymous_3)
FNF:4
FNH:3
FNDA:2,(anonymous_0)
FNDA:0,(anonymous_1)
FNDA:1,(anonymous_2)
FNDA:2,(anonymous_3)
DA:8,2
DA:9,2
DA:13,2
DA:17,0
DA:21,1
DA:25,2
LF:6
LH:5
BRDA:33,0,0,0
BRDA:33,0,1,2
BRF:2
BRH:1
end_of_record
TN:
SF:/home/nick/Documents/react_practice_app_restaurant/rest_FRONTEND/src/components/Link.react.js
FN:9,(anonymous_0)
FN:20,(anonymous_1)
FN:24,(anonymous_2)
FN:28,(anonymous_3)
FNF:4
FNH:4
FNDA:1,(anonymous_0)
FNDA:1,(anonymous_1)
FNDA:1,(anonymous_2)
FNDA:3,(anonymous_3)
DA:3,1
DA:10,1
DA:12,1
DA:13,1
DA:15,1
DA:21,1
DA:25,1
DA:29,3
LF:8
LH:8
BRDA:32,0,0,3
BRDA:32,0,1,0
BRF:2
BRH:1
end_of_record
TN:
SF:/home/nick/Documents/react_practice_app_restaurant/rest_FRONTEND/src/components/sum.js
FN:1,sum
FNF:1
FNH:1
FNDA:2,sum
DA:2,2
DA:4,1
LF:2
LH:2
BRF:0
BRH:0
end_of_record
TN:
SF:/home/nick/Documents/react_practice_app_restaurant/rest_FRONTEND/src/routes/PositiveCounter.js
FN:4,(anonymous_0)
FN:11,(anonymous_1)
FN:17,(anonymous_2)
FN:23,(anonymous_3)
FN:29,(anonymous_4)
FNF:5
FNH:5
FNDA:4,(anonymous_0)
FNDA:5,(anonymous_1)
FNDA:1,(anonymous_2)
FNDA:2,(anonymous_3)
FNDA:12,(anonymous_4)
DA:5,4
DA:6,4
DA:12,5
DA:18,1
DA:24,2
DA:30,12
LF:6
LH:6
BRF:0
BRH:0
end_of_record
